{"numTotalTestSuites":287,"numPassedTestSuites":284,"numFailedTestSuites":3,"numPendingTestSuites":0,"numTotalTests":701,"numPassedTests":700,"numFailedTests":1,"numPendingTests":0,"numTodoTests":0,"snapshot":{"added":0,"failure":false,"filesAdded":0,"filesRemoved":0,"filesRemovedList":[],"filesUnmatched":0,"filesUpdated":0,"matched":0,"total":0,"unchecked":0,"uncheckedKeysByFile":[],"unmatched":0,"updated":0,"didUpdate":false},"startTime":1767729068305,"success":false,"testResults":[{"assertionResults":[{"ancestorTitles":["Backward compatibility integration tests","Runtime initialization without hostContext"],"fullName":"Backward compatibility integration tests Runtime initialization without hostContext should initialize successfully without hostContext option (Requirement 8.1)","status":"passed","title":"should initialize successfully without hostContext option (Requirement 8.1)","duration":7.394800000000032,"failureMessages":[],"meta":{}},{"ancestorTitles":["Backward compatibility integration tests","Runtime initialization without hostContext"],"fullName":"Backward compatibility integration tests Runtime initialization without hostContext should initialize with empty object logger option only","status":"passed","title":"should initialize with empty object logger option only","duration":2.6586999999999534,"failureMessages":[],"meta":{}},{"ancestorTitles":["Backward compatibility integration tests","Runtime initialization without hostContext"],"fullName":"Backward compatibility integration tests Runtime initialization without hostContext should provide default empty frozen object for context.host (Requirement 8.1)","status":"passed","title":"should provide default empty frozen object for context.host (Requirement 8.1)","duration":3.6441999999988184,"failureMessages":[],"meta":{}},{"ancestorTitles":["Backward compatibility integration tests","Plugin registration and lifecycle"],"fullName":"Backward compatibility integration tests Plugin registration and lifecycle should register plugins before initialization (Requirement 8.2)","status":"passed","title":"should register plugins before initialization (Requirement 8.2)","duration":3.2536999999992986,"failureMessages":[],"meta":{}},{"ancestorTitles":["Backward compatibility integration tests","Plugin registration and lifecycle"],"fullName":"Backward compatibility integration tests Plugin registration and lifecycle should execute plugin setup callbacks in order (Requirement 8.2)","status":"passed","title":"should execute plugin setup callbacks in order (Requirement 8.2)","duration":2.0635000000002037,"failureMessages":[],"meta":{}},{"ancestorTitles":["Backward compatibility integration tests","Plugin registration and lifecycle"],"fullName":"Backward compatibility integration tests Plugin registration and lifecycle should execute plugin dispose callbacks on shutdown (Requirement 8.2)","status":"passed","title":"should execute plugin dispose callbacks on shutdown (Requirement 8.2)","duration":1.2724999999991269,"failureMessages":[],"meta":{}},{"ancestorTitles":["Backward compatibility integration tests","Screen registry operations"],"fullName":"Backward compatibility integration tests Screen registry operations should register and retrieve screens (Requirement 8.2, 8.3)","status":"passed","title":"should register and retrieve screens (Requirement 8.2, 8.3)","duration":1.9822999999996682,"failureMessages":[],"meta":{}},{"ancestorTitles":["Backward compatibility integration tests","Screen registry operations"],"fullName":"Backward compatibility integration tests Screen registry operations should get all registered screens (Requirement 8.2, 8.3)","status":"passed","title":"should get all registered screens (Requirement 8.2, 8.3)","duration":3.938799999999901,"failureMessages":[],"meta":{}},{"ancestorTitles":["Backward compatibility integration tests","Screen registry operations"],"fullName":"Backward compatibility integration tests Screen registry operations should return null for non-existent screen (Requirement 8.2, 8.3)","status":"passed","title":"should return null for non-existent screen (Requirement 8.2, 8.3)","duration":1.3473999999987427,"failureMessages":[],"meta":{}},{"ancestorTitles":["Backward compatibility integration tests","Action engine operations"],"fullName":"Backward compatibility integration tests Action engine operations should register and execute actions (Requirement 8.2, 8.3)","status":"passed","title":"should register and execute actions (Requirement 8.2, 8.3)","duration":2.14180000000124,"failureMessages":[],"meta":{}},{"ancestorTitles":["Backward compatibility integration tests","Action engine operations"],"fullName":"Backward compatibility integration tests Action engine operations should pass RuntimeContext to action handlers (Requirement 8.2, 8.3)","status":"passed","title":"should pass RuntimeContext to action handlers (Requirement 8.2, 8.3)","duration":1.220999999999549,"failureMessages":[],"meta":{}},{"ancestorTitles":["Backward compatibility integration tests","Action engine operations"],"fullName":"Backward compatibility integration tests Action engine operations should support action timeout (Requirement 8.2, 8.3)","status":"passed","title":"should support action timeout (Requirement 8.2, 8.3)","duration":69.27570000000014,"failureMessages":[],"meta":{}},{"ancestorTitles":["Backward compatibility integration tests","Action engine operations"],"fullName":"Backward compatibility integration tests Action engine operations should throw for non-existent action (Requirement 8.2, 8.3)","status":"passed","title":"should throw for non-existent action (Requirement 8.2, 8.3)","duration":0.8031000000009954,"failureMessages":[],"meta":{}},{"ancestorTitles":["Backward compatibility integration tests","Event bus operations"],"fullName":"Backward compatibility integration tests Event bus operations should emit and receive events (Requirement 8.2, 8.3)","status":"passed","title":"should emit and receive events (Requirement 8.2, 8.3)","duration":1.876299999999901,"failureMessages":[],"meta":{}},{"ancestorTitles":["Backward compatibility integration tests","Event bus operations"],"fullName":"Backward compatibility integration tests Event bus operations should support multiple handlers for same event (Requirement 8.2, 8.3)","status":"passed","title":"should support multiple handlers for same event (Requirement 8.2, 8.3)","duration":1.1326000000008207,"failureMessages":[],"meta":{}},{"ancestorTitles":["Backward compatibility integration tests","Event bus operations"],"fullName":"Backward compatibility integration tests Event bus operations should support unsubscribe from events (Requirement 8.2, 8.3)","status":"passed","title":"should support unsubscribe from events (Requirement 8.2, 8.3)","duration":1.032099999998536,"failureMessages":[],"meta":{}},{"ancestorTitles":["Backward compatibility integration tests","Event bus operations"],"fullName":"Backward compatibility integration tests Event bus operations should support async event emission (Requirement 8.2, 8.3)","status":"passed","title":"should support async event emission (Requirement 8.2, 8.3)","duration":14.188000000000102,"failureMessages":[],"meta":{}},{"ancestorTitles":["Backward compatibility integration tests","RuntimeContext API"],"fullName":"Backward compatibility integration tests RuntimeContext API should provide access to runtime instance (Requirement 8.3)","status":"passed","title":"should provide access to runtime instance (Requirement 8.3)","duration":0.8262000000013359,"failureMessages":[],"meta":{}},{"ancestorTitles":["Backward compatibility integration tests","RuntimeContext API"],"fullName":"Backward compatibility integration tests RuntimeContext API should provide all subsystem APIs (Requirement 8.3)","status":"passed","title":"should provide all subsystem APIs (Requirement 8.3)","duration":1.623199999999997,"failureMessages":[],"meta":{}},{"ancestorTitles":["Backward compatibility integration tests","RuntimeContext API"],"fullName":"Backward compatibility integration tests RuntimeContext API should provide new migration support APIs (Requirement 8.3, 8.5)","status":"passed","title":"should provide new migration support APIs (Requirement 8.3, 8.5)","duration":2.5964999999996508,"failureMessages":[],"meta":{}},{"ancestorTitles":["Backward compatibility integration tests","Runtime lifecycle"],"fullName":"Backward compatibility integration tests Runtime lifecycle should support full initialize-shutdown cycle (Requirement 8.2)","status":"passed","title":"should support full initialize-shutdown cycle (Requirement 8.2)","duration":0.951600000000326,"failureMessages":[],"meta":{}},{"ancestorTitles":["Backward compatibility integration tests","Runtime lifecycle"],"fullName":"Backward compatibility integration tests Runtime lifecycle should throw when accessing context before initialization (Requirement 8.2)","status":"passed","title":"should throw when accessing context before initialization (Requirement 8.2)","duration":0.8459000000002561,"failureMessages":[],"meta":{}},{"ancestorTitles":["Backward compatibility integration tests","Runtime lifecycle"],"fullName":"Backward compatibility integration tests Runtime lifecycle should throw when accessing context after shutdown (Requirement 8.2)","status":"passed","title":"should throw when accessing context after shutdown (Requirement 8.2)","duration":0.7235000000000582,"failureMessages":[],"meta":{}},{"ancestorTitles":["Backward compatibility integration tests","Runtime lifecycle"],"fullName":"Backward compatibility integration tests Runtime lifecycle should throw when initializing twice (Requirement 8.2)","status":"passed","title":"should throw when initializing twice (Requirement 8.2)","duration":1.0883000000012544,"failureMessages":[],"meta":{}},{"ancestorTitles":["Backward compatibility integration tests","Runtime lifecycle"],"fullName":"Backward compatibility integration tests Runtime lifecycle should be idempotent for shutdown (Requirement 8.2)","status":"passed","title":"should be idempotent for shutdown (Requirement 8.2)","duration":0.8176000000003114,"failureMessages":[],"meta":{}},{"ancestorTitles":["Backward compatibility integration tests","Cross-subsystem integration"],"fullName":"Backward compatibility integration tests Cross-subsystem integration should allow plugins to register screens during setup (Requirement 8.2, 8.3)","status":"passed","title":"should allow plugins to register screens during setup (Requirement 8.2, 8.3)","duration":1.7818999999999505,"failureMessages":[],"meta":{}},{"ancestorTitles":["Backward compatibility integration tests","Cross-subsystem integration"],"fullName":"Backward compatibility integration tests Cross-subsystem integration should allow plugins to register actions during setup (Requirement 8.2, 8.3)","status":"passed","title":"should allow plugins to register actions during setup (Requirement 8.2, 8.3)","duration":1.6597000000001572,"failureMessages":[],"meta":{}},{"ancestorTitles":["Backward compatibility integration tests","Cross-subsystem integration"],"fullName":"Backward compatibility integration tests Cross-subsystem integration should allow plugins to subscribe to events during setup (Requirement 8.2, 8.3)","status":"passed","title":"should allow plugins to subscribe to events during setup (Requirement 8.2, 8.3)","duration":1.5223000000005413,"failureMessages":[],"meta":{}},{"ancestorTitles":["Backward compatibility integration tests","Cross-subsystem integration"],"fullName":"Backward compatibility integration tests Cross-subsystem integration should allow action handlers to access all subsystems (Requirement 8.2, 8.3)","status":"passed","title":"should allow action handlers to access all subsystems (Requirement 8.2, 8.3)","duration":1.3995000000013533,"failureMessages":[],"meta":{}},{"ancestorTitles":["Backward compatibility integration tests","UI provider integration"],"fullName":"Backward compatibility integration tests UI provider integration should support UI provider registration (Requirement 8.2)","status":"passed","title":"should support UI provider registration (Requirement 8.2)","duration":0.6254999999982829,"failureMessages":[],"meta":{}},{"ancestorTitles":["Backward compatibility integration tests","UI provider integration"],"fullName":"Backward compatibility integration tests UI provider integration should support screen rendering with UI provider (Requirement 8.2)","status":"passed","title":"should support screen rendering with UI provider (Requirement 8.2)","duration":1.0599999999994907,"failureMessages":[],"meta":{}},{"ancestorTitles":["Backward compatibility integration tests","Type safety"],"fullName":"Backward compatibility integration tests Type safety should support generic type parameters for actions (Requirement 8.2, 8.3)","status":"passed","title":"should support generic type parameters for actions (Requirement 8.2, 8.3)","duration":3.1208999999998923,"failureMessages":[],"meta":{}},{"ancestorTitles":["Backward compatibility integration tests","Error handling"],"fullName":"Backward compatibility integration tests Error handling should throw ValidationError for invalid screen (Requirement 8.2)","status":"passed","title":"should throw ValidationError for invalid screen (Requirement 8.2)","duration":1.536999999998443,"failureMessages":[],"meta":{}},{"ancestorTitles":["Backward compatibility integration tests","Error handling"],"fullName":"Backward compatibility integration tests Error handling should throw DuplicateRegistrationError for duplicate screen (Requirement 8.2)","status":"passed","title":"should throw DuplicateRegistrationError for duplicate screen (Requirement 8.2)","duration":1.4306999999989785,"failureMessages":[],"meta":{}},{"ancestorTitles":["Backward compatibility integration tests","Error handling"],"fullName":"Backward compatibility integration tests Error handling should throw ActionExecutionError when action handler fails (Requirement 8.2)","status":"passed","title":"should throw ActionExecutionError when action handler fails (Requirement 8.2)","duration":8.710599999998522,"failureMessages":[],"meta":{}}],"startTime":1767729083495,"endTime":1767729083650.7107,"status":"passed","message":"","name":"D:/code/skeleton-crew/tests/integration/backward-compatibility.test.ts"},{"assertionResults":[{"ancestorTitles":["Cross-subsystem integration tests","Plugin registers screen during setup"],"fullName":"Cross-subsystem integration tests Plugin registers screen during setup should allow plugin to register screen during setup (Requirement 12.1)","status":"passed","title":"should allow plugin to register screen during setup (Requirement 12.1)","duration":9.414600000000064,"failureMessages":[],"meta":{}},{"ancestorTitles":["Cross-subsystem integration tests","Plugin registers screen during setup"],"fullName":"Cross-subsystem integration tests Plugin registers screen during setup should allow multiple plugins to register screens during setup","status":"passed","title":"should allow multiple plugins to register screens during setup","duration":3.0555999999996857,"failureMessages":[],"meta":{}},{"ancestorTitles":["Cross-subsystem integration tests","Plugin registers action during setup"],"fullName":"Cross-subsystem integration tests Plugin registers action during setup should allow plugin to register action during setup (Requirement 12.2)","status":"passed","title":"should allow plugin to register action during setup (Requirement 12.2)","duration":1.7050000000017462,"failureMessages":[],"meta":{}},{"ancestorTitles":["Cross-subsystem integration tests","Plugin registers action during setup"],"fullName":"Cross-subsystem integration tests Plugin registers action during setup should allow multiple plugins to register actions during setup","status":"passed","title":"should allow multiple plugins to register actions during setup","duration":3.4025000000001455,"failureMessages":[],"meta":{}},{"ancestorTitles":["Cross-subsystem integration tests","Plugin registers additional plugin during setup"],"fullName":"Cross-subsystem integration tests Plugin registers additional plugin during setup should allow plugin to register another plugin during setup (Requirement 12.3)","status":"passed","title":"should allow plugin to register another plugin during setup (Requirement 12.3)","duration":1.5613000000012107,"failureMessages":[],"meta":{}},{"ancestorTitles":["Cross-subsystem integration tests","Plugin registers additional plugin during setup"],"fullName":"Cross-subsystem integration tests Plugin registers additional plugin during setup should allow nested plugin registration during setup","status":"passed","title":"should allow nested plugin registration during setup","duration":2.4026000000012573,"failureMessages":[],"meta":{}},{"ancestorTitles":["Cross-subsystem integration tests","Plugin subscribes to events during setup"],"fullName":"Cross-subsystem integration tests Plugin subscribes to events during setup should allow plugin to subscribe to events during setup (Requirement 12.4)","status":"passed","title":"should allow plugin to subscribe to events during setup (Requirement 12.4)","duration":1.7036000000007334,"failureMessages":[],"meta":{}},{"ancestorTitles":["Cross-subsystem integration tests","Plugin subscribes to events during setup"],"fullName":"Cross-subsystem integration tests Plugin subscribes to events during setup should allow multiple plugins to subscribe to same event","status":"passed","title":"should allow multiple plugins to subscribe to same event","duration":1.0256000000008498,"failureMessages":[],"meta":{}},{"ancestorTitles":["Cross-subsystem integration tests","Action handler receives RuntimeContext"],"fullName":"Cross-subsystem integration tests Action handler receives RuntimeContext should pass RuntimeContext to action handlers (Requirement 9.7, 9.9)","status":"passed","title":"should pass RuntimeContext to action handlers (Requirement 9.7, 9.9)","duration":1.117099999999482,"failureMessages":[],"meta":{}},{"ancestorTitles":["Cross-subsystem integration tests","Action handler receives RuntimeContext"],"fullName":"Cross-subsystem integration tests Action handler receives RuntimeContext should pass same RuntimeContext instance to all action handlers","status":"passed","title":"should pass same RuntimeContext instance to all action handlers","duration":1.2348000000019965,"failureMessages":[],"meta":{}},{"ancestorTitles":["Cross-subsystem integration tests","Action handler can access all subsystems"],"fullName":"Cross-subsystem integration tests Action handler can access all subsystems should allow action handler to access screens subsystem (Requirement 9.8)","status":"passed","title":"should allow action handler to access screens subsystem (Requirement 9.8)","duration":0.7691999999988184,"failureMessages":[],"meta":{}},{"ancestorTitles":["Cross-subsystem integration tests","Action handler can access all subsystems"],"fullName":"Cross-subsystem integration tests Action handler can access all subsystems should allow action handler to register new actions (Requirement 9.8)","status":"passed","title":"should allow action handler to register new actions (Requirement 9.8)","duration":0.7799999999988358,"failureMessages":[],"meta":{}},{"ancestorTitles":["Cross-subsystem integration tests","Action handler can access all subsystems"],"fullName":"Cross-subsystem integration tests Action handler can access all subsystems should allow action handler to emit events (Requirement 9.8)","status":"passed","title":"should allow action handler to emit events (Requirement 9.8)","duration":0.833200000000943,"failureMessages":[],"meta":{}},{"ancestorTitles":["Cross-subsystem integration tests","Action handler can access all subsystems"],"fullName":"Cross-subsystem integration tests Action handler can access all subsystems should allow action handler to access plugins subsystem (Requirement 9.8)","status":"passed","title":"should allow action handler to access plugins subsystem (Requirement 9.8)","duration":1.0864999999976135,"failureMessages":[],"meta":{}},{"ancestorTitles":["Cross-subsystem integration tests","Action handler can access all subsystems"],"fullName":"Cross-subsystem integration tests Action handler can access all subsystems should allow action handler to call other actions (Requirement 9.8)","status":"passed","title":"should allow action handler to call other actions (Requirement 9.8)","duration":1.0956000000005588,"failureMessages":[],"meta":{}},{"ancestorTitles":["Cross-subsystem integration tests","Action handler can access all subsystems"],"fullName":"Cross-subsystem integration tests Action handler can access all subsystems should allow action handler to access runtime instance (Requirement 9.8)","status":"passed","title":"should allow action handler to access runtime instance (Requirement 9.8)","duration":1.0247000000017579,"failureMessages":[],"meta":{}},{"ancestorTitles":["Cross-subsystem integration tests","Complex cross-subsystem scenarios"],"fullName":"Cross-subsystem integration tests Complex cross-subsystem scenarios should support plugin that uses all subsystems together","status":"passed","title":"should support plugin that uses all subsystems together","duration":1.777299999997922,"failureMessages":[],"meta":{}},{"ancestorTitles":["Cross-subsystem integration tests","Complex cross-subsystem scenarios"],"fullName":"Cross-subsystem integration tests Complex cross-subsystem scenarios should support plugin chain with cross-subsystem dependencies","status":"passed","title":"should support plugin chain with cross-subsystem dependencies","duration":3.919099999999162,"failureMessages":[],"meta":{}}],"startTime":1767729088865,"endTime":1767729088904.9192,"status":"passed","message":"","name":"D:/code/skeleton-crew/tests/integration/cross-subsystem.test.ts"},{"assertionResults":[{"ancestorTitles":["Custom logger integration tests","Runtime accepts custom logger"],"fullName":"Custom logger integration tests Runtime accepts custom logger should accept custom logger during construction (Requirement 7.2)","status":"passed","title":"should accept custom logger during construction (Requirement 7.2)","duration":3.8269000000000233,"failureMessages":[],"meta":{}},{"ancestorTitles":["Custom logger integration tests","Runtime accepts custom logger"],"fullName":"Custom logger integration tests Runtime accepts custom logger should use default ConsoleLogger when no logger provided (Requirement 7.3)","status":"passed","title":"should use default ConsoleLogger when no logger provided (Requirement 7.3)","duration":0.796200000000681,"failureMessages":[],"meta":{}},{"ancestorTitles":["Custom logger integration tests","Runtime accepts custom logger"],"fullName":"Custom logger integration tests Runtime accepts custom logger should accept different logger implementations","status":"passed","title":"should accept different logger implementations","duration":1.5073000000011234,"failureMessages":[],"meta":{}},{"ancestorTitles":["Custom logger integration tests","Custom logger receives all log calls"],"fullName":"Custom logger integration tests Custom logger receives all log calls should receive log calls during plugin setup (Requirement 7.4)","status":"passed","title":"should receive log calls during plugin setup (Requirement 7.4)","duration":2.6622999999999593,"failureMessages":[],"meta":{}},{"ancestorTitles":["Custom logger integration tests","Custom logger receives all log calls"],"fullName":"Custom logger integration tests Custom logger receives all log calls should receive error logs when event handler throws (Requirement 7.5)","status":"passed","title":"should receive error logs when event handler throws (Requirement 7.5)","duration":0.9644000000007509,"failureMessages":[],"meta":{}},{"ancestorTitles":["Custom logger integration tests","Custom logger receives all log calls"],"fullName":"Custom logger integration tests Custom logger receives all log calls should receive error logs when plugin dispose throws (Requirement 7.6)","status":"passed","title":"should receive error logs when plugin dispose throws (Requirement 7.6)","duration":1.298399999999674,"failureMessages":[],"meta":{}},{"ancestorTitles":["Custom logger integration tests","Custom logger receives all log calls"],"fullName":"Custom logger integration tests Custom logger receives all log calls should receive debug logs during plugin disposal (Requirement 7.6)","status":"passed","title":"should receive debug logs during plugin disposal (Requirement 7.6)","duration":0.8986000000004424,"failureMessages":[],"meta":{}},{"ancestorTitles":["Custom logger integration tests","Custom logger receives all log calls"],"fullName":"Custom logger integration tests Custom logger receives all log calls should receive error logs during plugin setup rollback","status":"passed","title":"should receive error logs during plugin setup rollback","duration":2.0371999999988475,"failureMessages":[],"meta":{}},{"ancestorTitles":["Custom logger integration tests","Custom logger receives all log calls"],"fullName":"Custom logger integration tests Custom logger receives all log calls should receive debug logs during successful plugin initialization","status":"passed","title":"should receive debug logs during successful plugin initialization","duration":0.503499999998894,"failureMessages":[],"meta":{}},{"ancestorTitles":["Custom logger integration tests","Custom logger receives all log calls"],"fullName":"Custom logger integration tests Custom logger receives all log calls should receive error logs when action handler throws","status":"passed","title":"should receive error logs when action handler throws","duration":1.1300999999984924,"failureMessages":[],"meta":{}},{"ancestorTitles":["Custom logger integration tests","Custom logger receives all log calls"],"fullName":"Custom logger integration tests Custom logger receives all log calls should receive error logs when async event handler throws","status":"passed","title":"should receive error logs when async event handler throws","duration":0.966099999997823,"failureMessages":[],"meta":{}},{"ancestorTitles":["Custom logger integration tests","Logger integration with all subsystems"],"fullName":"Custom logger integration tests Logger integration with all subsystems should integrate logger with PluginRegistry","status":"passed","title":"should integrate logger with PluginRegistry","duration":0.9256999999997788,"failureMessages":[],"meta":{}},{"ancestorTitles":["Custom logger integration tests","Logger integration with all subsystems"],"fullName":"Custom logger integration tests Logger integration with all subsystems should integrate logger with EventBus","status":"passed","title":"should integrate logger with EventBus","duration":0.7613000000019383,"failureMessages":[],"meta":{}},{"ancestorTitles":["Custom logger integration tests","Logger integration with all subsystems"],"fullName":"Custom logger integration tests Logger integration with all subsystems should integrate logger with ScreenRegistry","status":"passed","title":"should integrate logger with ScreenRegistry","duration":2.341499999998632,"failureMessages":[],"meta":{}},{"ancestorTitles":["Custom logger integration tests","Logger integration with all subsystems"],"fullName":"Custom logger integration tests Logger integration with all subsystems should integrate logger with ActionEngine","status":"passed","title":"should integrate logger with ActionEngine","duration":0.7727000000013504,"failureMessages":[],"meta":{}},{"ancestorTitles":["Custom logger integration tests","Logger integration with all subsystems"],"fullName":"Custom logger integration tests Logger integration with all subsystems should integrate logger with UIBridge","status":"passed","title":"should integrate logger with UIBridge","duration":0.9007999999994354,"failureMessages":[],"meta":{}},{"ancestorTitles":["Custom logger integration tests","Logger integration with all subsystems"],"fullName":"Custom logger integration tests Logger integration with all subsystems should pass logger to all subsystems during construction","status":"passed","title":"should pass logger to all subsystems during construction","duration":2.33179999999993,"failureMessages":[],"meta":{}},{"ancestorTitles":["Custom logger integration tests","Logger integration with all subsystems"],"fullName":"Custom logger integration tests Logger integration with all subsystems should maintain logger reference across runtime lifecycle","status":"passed","title":"should maintain logger reference across runtime lifecycle","duration":0.7118000000009488,"failureMessages":[],"meta":{}},{"ancestorTitles":["Custom logger integration tests","Logger integration with all subsystems"],"fullName":"Custom logger integration tests Logger integration with all subsystems should allow logger to capture structured data","status":"passed","title":"should allow logger to capture structured data","duration":0.5897000000004482,"failureMessages":[],"meta":{}},{"ancestorTitles":["Custom logger integration tests","Multiple runtime instances with different loggers"],"fullName":"Custom logger integration tests Multiple runtime instances with different loggers should maintain separate loggers for each runtime instance","status":"passed","title":"should maintain separate loggers for each runtime instance","duration":0.9837999999981548,"failureMessages":[],"meta":{}},{"ancestorTitles":["Custom logger integration tests","Multiple runtime instances with different loggers"],"fullName":"Custom logger integration tests Multiple runtime instances with different loggers should not share log calls between runtime instances","status":"passed","title":"should not share log calls between runtime instances","duration":0.3830999999991036,"failureMessages":[],"meta":{}},{"ancestorTitles":["Custom logger integration tests","Logger error handling"],"fullName":"Custom logger integration tests Logger error handling should handle logger that throws during logging","status":"passed","title":"should handle logger that throws during logging","duration":0.26059999999779393,"failureMessages":[],"meta":{}}],"startTime":1767729090899,"endTime":1767729090929.2605,"status":"passed","message":"","name":"D:/code/skeleton-crew/tests/integration/custom-logger.test.ts"},{"assertionResults":[{"ancestorTitles":["Environment tests","Node.js environment execution"],"fullName":"Environment tests Node.js environment execution should execute successfully in Node.js environment","status":"passed","title":"should execute successfully in Node.js environment","duration":6.975099999999657,"failureMessages":[],"meta":{}},{"ancestorTitles":["Environment tests","Node.js environment execution"],"fullName":"Environment tests Node.js environment execution should support Node.js APIs without browser dependencies","status":"passed","title":"should support Node.js APIs without browser dependencies","duration":3.489399999998568,"failureMessages":[],"meta":{}},{"ancestorTitles":["Environment tests","No DOM or browser API dependencies"],"fullName":"Environment tests No DOM or browser API dependencies should not reference window object in source code","status":"passed","title":"should not reference window object in source code","duration":1.126299999999901,"failureMessages":[],"meta":{}},{"ancestorTitles":["Environment tests","No DOM or browser API dependencies"],"fullName":"Environment tests No DOM or browser API dependencies should not reference document object in source code","status":"passed","title":"should not reference document object in source code","duration":0.8065000000024156,"failureMessages":[],"meta":{}},{"ancestorTitles":["Environment tests","No DOM or browser API dependencies"],"fullName":"Environment tests No DOM or browser API dependencies should not reference DOM APIs in source code","status":"passed","title":"should not reference DOM APIs in source code","duration":1.0784000000021479,"failureMessages":[],"meta":{}},{"ancestorTitles":["Environment tests","No DOM or browser API dependencies"],"fullName":"Environment tests No DOM or browser API dependencies should work without browser globals","status":"passed","title":"should work without browser globals","duration":3.1816000000035274,"failureMessages":[],"meta":{}},{"ancestorTitles":["Environment tests","No UI framework dependencies"],"fullName":"Environment tests No UI framework dependencies should not import React in source code","status":"passed","title":"should not import React in source code","duration":1.2080999999998312,"failureMessages":[],"meta":{}},{"ancestorTitles":["Environment tests","No UI framework dependencies"],"fullName":"Environment tests No UI framework dependencies should not import Vue in source code","status":"passed","title":"should not import Vue in source code","duration":0.8622000000032131,"failureMessages":[],"meta":{}},{"ancestorTitles":["Environment tests","No UI framework dependencies"],"fullName":"Environment tests No UI framework dependencies should not import Angular in source code","status":"passed","title":"should not import Angular in source code","duration":6.486899999999878,"failureMessages":[],"meta":{}},{"ancestorTitles":["Environment tests","No UI framework dependencies"],"fullName":"Environment tests No UI framework dependencies should not import Svelte in source code","status":"passed","title":"should not import Svelte in source code","duration":1.4617999999973108,"failureMessages":[],"meta":{}},{"ancestorTitles":["Environment tests","No UI framework dependencies"],"fullName":"Environment tests No UI framework dependencies should operate without UI framework dependencies","status":"passed","title":"should operate without UI framework dependencies","duration":9.509799999999814,"failureMessages":[],"meta":{}},{"ancestorTitles":["Environment tests","No global state"],"fullName":"Environment tests No global state should not use global variables for business logic","status":"passed","title":"should not use global variables for business logic","duration":3.0070999999989,"failureMessages":[],"meta":{}},{"ancestorTitles":["Environment tests","No global state"],"fullName":"Environment tests No global state should maintain separate state across multiple runtime instances","status":"passed","title":"should maintain separate state across multiple runtime instances","duration":3.111000000000786,"failureMessages":[],"meta":{}},{"ancestorTitles":["Environment tests","No global state"],"fullName":"Environment tests No global state should not leak state between runtime instances after shutdown","status":"passed","title":"should not leak state between runtime instances after shutdown","duration":2.0253000000011525,"failureMessages":[],"meta":{}},{"ancestorTitles":["Environment tests","No global state"],"fullName":"Environment tests No global state should not share plugin state between instances","status":"passed","title":"should not share plugin state between instances","duration":1.164199999999255,"failureMessages":[],"meta":{}},{"ancestorTitles":["Environment tests","No bundler requirement"],"fullName":"Environment tests No bundler requirement should use ES module imports compatible with Node.js","status":"passed","title":"should use ES module imports compatible with Node.js","duration":0.5738999999994121,"failureMessages":[],"meta":{}},{"ancestorTitles":["Environment tests","No bundler requirement"],"fullName":"Environment tests No bundler requirement should work with native Node.js ES module support","status":"passed","title":"should work with native Node.js ES module support","duration":2.0318000000006577,"failureMessages":[],"meta":{}}],"startTime":1767729088888,"endTime":1767729088938.0317,"status":"passed","message":"","name":"D:/code/skeleton-crew/tests/integration/environment.test.ts"},{"assertionResults":[{"ancestorTitles":["Error Scenario Tests","Duplicate screen ID error message"],"fullName":"Error Scenario Tests Duplicate screen ID error message should include screen ID in duplicate error message","status":"passed","title":"should include screen ID in duplicate error message","duration":4.0483000000022,"failureMessages":[],"meta":{}},{"ancestorTitles":["Error Scenario Tests","Duplicate action ID error message"],"fullName":"Error Scenario Tests Duplicate action ID error message should include action ID in duplicate error message","status":"passed","title":"should include action ID in duplicate error message","duration":1.0401999999994587,"failureMessages":[],"meta":{}},{"ancestorTitles":["Error Scenario Tests","Duplicate plugin name error message"],"fullName":"Error Scenario Tests Duplicate plugin name error message should include plugin name in duplicate error message","status":"passed","title":"should include plugin name in duplicate error message","duration":0.7006000000001222,"failureMessages":[],"meta":{}},{"ancestorTitles":["Error Scenario Tests","Missing action error message"],"fullName":"Error Scenario Tests Missing action error message should include action ID in missing action error message","status":"passed","title":"should include action ID in missing action error message","duration":1.0151999999980035,"failureMessages":[],"meta":{}},{"ancestorTitles":["Error Scenario Tests","Missing UI provider error message"],"fullName":"Error Scenario Tests Missing UI provider error message should have clear error message when renderScreen called without UI provider","status":"passed","title":"should have clear error message when renderScreen called without UI provider","duration":4.4487000000008265,"failureMessages":[],"meta":{}},{"ancestorTitles":["Error Scenario Tests","Plugin setup error includes plugin name"],"fullName":"Error Scenario Tests Plugin setup error includes plugin name should include plugin name in setup error message","status":"passed","title":"should include plugin name in setup error message","duration":1.668600000000879,"failureMessages":[],"meta":{}},{"ancestorTitles":["Error Scenario Tests","Plugin setup error includes plugin name"],"fullName":"Error Scenario Tests Plugin setup error includes plugin name should include plugin name even with async setup failure","status":"passed","title":"should include plugin name even with async setup failure","duration":1.0416000000004715,"failureMessages":[],"meta":{}},{"ancestorTitles":["Error Scenario Tests","Plugin dispose error logging"],"fullName":"Error Scenario Tests Plugin dispose error logging should log dispose errors with plugin name","status":"passed","title":"should log dispose errors with plugin name","duration":4.296300000001793,"failureMessages":[],"meta":{}},{"ancestorTitles":["Error Scenario Tests","Plugin dispose error logging"],"fullName":"Error Scenario Tests Plugin dispose error logging should continue cleanup after dispose error","status":"passed","title":"should continue cleanup after dispose error","duration":2.640400000000227,"failureMessages":[],"meta":{}}],"startTime":1767729091463,"endTime":1767729091484.6404,"status":"passed","message":"","name":"D:/code/skeleton-crew/tests/integration/error-scenarios.test.ts"},{"assertionResults":[{"ancestorTitles":["Generic Action Types Integration Tests","Type-safe action registration with generics"],"fullName":"Generic Action Types Integration Tests Type-safe action registration with generics should register action with typed payload and return type (Requirement 6.1, 6.2)","status":"passed","title":"should register action with typed payload and return type (Requirement 6.1, 6.2)","duration":12.591899999999896,"failureMessages":[],"meta":{}},{"ancestorTitles":["Generic Action Types Integration Tests","Type-safe action registration with generics"],"fullName":"Generic Action Types Integration Tests Type-safe action registration with generics should register action with complex nested types (Requirement 6.1)","status":"passed","title":"should register action with complex nested types (Requirement 6.1)","duration":3.7355999999999767,"failureMessages":[],"meta":{}},{"ancestorTitles":["Generic Action Types Integration Tests","Type-safe action registration with generics"],"fullName":"Generic Action Types Integration Tests Type-safe action registration with generics should register action with void return type (Requirement 6.1)","status":"passed","title":"should register action with void return type (Requirement 6.1)","duration":2.92450000000008,"failureMessages":[],"meta":{}},{"ancestorTitles":["Generic Action Types Integration Tests","Type-safe action registration with generics"],"fullName":"Generic Action Types Integration Tests Type-safe action registration with generics should register action with no parameters (Requirement 6.1)","status":"passed","title":"should register action with no parameters (Requirement 6.1)","duration":1.530999999999949,"failureMessages":[],"meta":{}},{"ancestorTitles":["Generic Action Types Integration Tests","Type-safe action registration with generics"],"fullName":"Generic Action Types Integration Tests Type-safe action registration with generics should register action with union types (Requirement 6.1)","status":"passed","title":"should register action with union types (Requirement 6.1)","duration":4.255499999999756,"failureMessages":[],"meta":{}},{"ancestorTitles":["Generic Action Types Integration Tests","Type-safe action execution with generics"],"fullName":"Generic Action Types Integration Tests Type-safe action execution with generics should execute action with correct type inference (Requirement 6.3)","status":"passed","title":"should execute action with correct type inference (Requirement 6.3)","duration":2.5621000000001004,"failureMessages":[],"meta":{}},{"ancestorTitles":["Generic Action Types Integration Tests","Type-safe action execution with generics"],"fullName":"Generic Action Types Integration Tests Type-safe action execution with generics should handle synchronous action handlers with generics (Requirement 6.3)","status":"passed","title":"should handle synchronous action handlers with generics (Requirement 6.3)","duration":1.626800000000003,"failureMessages":[],"meta":{}},{"ancestorTitles":["Generic Action Types Integration Tests","Type-safe action execution with generics"],"fullName":"Generic Action Types Integration Tests Type-safe action execution with generics should handle action that returns Promise directly (Requirement 6.3)","status":"passed","title":"should handle action that returns Promise directly (Requirement 6.3)","duration":59.75960000000032,"failureMessages":[],"meta":{}},{"ancestorTitles":["Generic Action Types Integration Tests","Type-safe action execution with generics"],"fullName":"Generic Action Types Integration Tests Type-safe action execution with generics should handle multiple actions with different generic types (Requirement 6.3)","status":"passed","title":"should handle multiple actions with different generic types (Requirement 6.3)","duration":2.5265999999996893,"failureMessages":[],"meta":{}},{"ancestorTitles":["Generic Action Types Integration Tests","Backward compatibility with unknown types"],"fullName":"Generic Action Types Integration Tests Backward compatibility with unknown types should work without explicit generic types (Requirement 6.5)","status":"passed","title":"should work without explicit generic types (Requirement 6.5)","duration":1.577900000000227,"failureMessages":[],"meta":{}},{"ancestorTitles":["Generic Action Types Integration Tests","Backward compatibility with unknown types"],"fullName":"Generic Action Types Integration Tests Backward compatibility with unknown types should allow mixing typed and untyped actions (Requirement 6.5)","status":"passed","title":"should allow mixing typed and untyped actions (Requirement 6.5)","duration":0.9503000000004249,"failureMessages":[],"meta":{}},{"ancestorTitles":["Generic Action Types Integration Tests","Generic types with RuntimeContext access"],"fullName":"Generic Action Types Integration Tests Generic types with RuntimeContext access should allow typed action to access RuntimeContext (Requirement 6.2, 6.3)","status":"passed","title":"should allow typed action to access RuntimeContext (Requirement 6.2, 6.3)","duration":2.283700000000408,"failureMessages":[],"meta":{}},{"ancestorTitles":["Generic Action Types Integration Tests","Generic types with RuntimeContext access"],"fullName":"Generic Action Types Integration Tests Generic types with RuntimeContext access should allow typed action to call other typed actions (Requirement 6.3)","status":"passed","title":"should allow typed action to call other typed actions (Requirement 6.3)","duration":1.1208000000001448,"failureMessages":[],"meta":{}},{"ancestorTitles":["Generic Action Types Integration Tests","Generic types with action timeout"],"fullName":"Generic Action Types Integration Tests Generic types with action timeout should support timeout with generic types (Requirement 6.1, 11.1)","status":"passed","title":"should support timeout with generic types (Requirement 6.1, 11.1)","duration":194.5866000000001,"failureMessages":[],"meta":{}},{"ancestorTitles":["Generic Action Types Integration Tests","Generic types with unregister function"],"fullName":"Generic Action Types Integration Tests Generic types with unregister function should return unregister function for typed actions (Requirement 4.1, 6.2)","status":"failed","title":"should return unregister function for typed actions (Requirement 4.1, 6.2)","duration":35.29230000000007,"failureMessages":["AssertionError: expected [Function] to throw error including 'Action with id \"test-action\" not found' but got 'Action \"test-action\" not found. If th…'\n    at _Assertion.<anonymous> (file:///D:/code/skeleton-crew/node_modules/@vitest/expect/dist/index.js:1485:16)\n    at _Assertion.<anonymous> (file:///D:/code/skeleton-crew/node_modules/@vitest/expect/dist/index.js:1090:14)\n    at _Assertion.methodWrapper (file:///D:/code/skeleton-crew/node_modules/chai/index.js:1700:25)\n    at file:///D:/code/skeleton-crew/node_modules/@vitest/expect/dist/index.js:1704:20"],"meta":{}}],"startTime":1767729069695,"endTime":1767729070024.2922,"status":"failed","message":"","name":"D:/code/skeleton-crew/tests/integration/generic-action-types.test.ts"},{"assertionResults":[{"ancestorTitles":["Host context in plugins integration tests","Plugin accessing host services"],"fullName":"Host context in plugins integration tests Plugin accessing host services should allow plugin to access host services via context.host (Requirement 1.1, 1.2)","status":"passed","title":"should allow plugin to access host services via context.host (Requirement 1.1, 1.2)","duration":7.833800000000338,"failureMessages":[],"meta":{}},{"ancestorTitles":["Host context in plugins integration tests","Plugin accessing host services"],"fullName":"Host context in plugins integration tests Plugin accessing host services should allow plugin to use host services in action handlers","status":"passed","title":"should allow plugin to use host services in action handlers","duration":6.439800000000105,"failureMessages":[],"meta":{}},{"ancestorTitles":["Host context in plugins integration tests","Plugin accessing host services"],"fullName":"Host context in plugins integration tests Plugin accessing host services should allow plugin to use multiple host services together","status":"passed","title":"should allow plugin to use multiple host services together","duration":3.465199999998731,"failureMessages":[],"meta":{}},{"ancestorTitles":["Host context in plugins integration tests","Host context immutability"],"fullName":"Host context in plugins integration tests Host context immutability should prevent plugin from mutating host context (Requirement 1.3)","status":"passed","title":"should prevent plugin from mutating host context (Requirement 1.3)","duration":2.4843000000000757,"failureMessages":[],"meta":{}},{"ancestorTitles":["Host context in plugins integration tests","Host context immutability"],"fullName":"Host context in plugins integration tests Host context immutability should prevent plugin from mutating host context in action handlers","status":"passed","title":"should prevent plugin from mutating host context in action handlers","duration":1.6129999999975553,"failureMessages":[],"meta":{}},{"ancestorTitles":["Host context in plugins integration tests","Host context immutability"],"fullName":"Host context in plugins integration tests Host context immutability should verify host context is frozen","status":"passed","title":"should verify host context is frozen","duration":1.438799999999901,"failureMessages":[],"meta":{}},{"ancestorTitles":["Host context in plugins integration tests","Multiple plugins accessing same host context"],"fullName":"Host context in plugins integration tests Multiple plugins accessing same host context should allow multiple plugins to access same host services","status":"passed","title":"should allow multiple plugins to access same host services","duration":4.755099999998492,"failureMessages":[],"meta":{}},{"ancestorTitles":["Host context in plugins integration tests","Multiple plugins accessing same host context"],"fullName":"Host context in plugins integration tests Multiple plugins accessing same host context should ensure each plugin gets same host context reference","status":"passed","title":"should ensure each plugin gets same host context reference","duration":2.0424000000020897,"failureMessages":[],"meta":{}},{"ancestorTitles":["Host context in plugins integration tests","Multiple plugins accessing same host context"],"fullName":"Host context in plugins integration tests Multiple plugins accessing same host context should allow plugins to coordinate via shared host services","status":"passed","title":"should allow plugins to coordinate via shared host services","duration":2.3686000000016065,"failureMessages":[],"meta":{}},{"ancestorTitles":["Host context in plugins integration tests","Host context with complex services"],"fullName":"Host context in plugins integration tests Host context with complex services should support host context with nested objects","status":"passed","title":"should support host context with nested objects","duration":1.3506000000015774,"failureMessages":[],"meta":{}},{"ancestorTitles":["Host context in plugins integration tests","Host context with complex services"],"fullName":"Host context in plugins integration tests Host context with complex services should support host context with service instances","status":"passed","title":"should support host context with service instances","duration":1.0227999999988242,"failureMessages":[],"meta":{}},{"ancestorTitles":["Host context in plugins integration tests","Host context with complex services"],"fullName":"Host context in plugins integration tests Host context with complex services should support host context with async services","status":"passed","title":"should support host context with async services","duration":1.8065999999998894,"failureMessages":[],"meta":{}},{"ancestorTitles":["Host context in plugins integration tests","Host context edge cases"],"fullName":"Host context in plugins integration tests Host context edge cases should handle empty host context","status":"passed","title":"should handle empty host context","duration":1.0207999999984168,"failureMessages":[],"meta":{}},{"ancestorTitles":["Host context in plugins integration tests","Host context edge cases"],"fullName":"Host context in plugins integration tests Host context edge cases should handle host context with null values","status":"passed","title":"should handle host context with null values","duration":1.7966000000014901,"failureMessages":[],"meta":{}},{"ancestorTitles":["Host context in plugins integration tests","Host context edge cases"],"fullName":"Host context in plugins integration tests Host context edge cases should handle host context with various data types","status":"passed","title":"should handle host context with various data types","duration":1.3981999999996333,"failureMessages":[],"meta":{}}],"startTime":1767729087510,"endTime":1767729087552.3982,"status":"passed","message":"","name":"D:/code/skeleton-crew/tests/integration/host-context-plugins.test.ts"},{"assertionResults":[{"ancestorTitles":["Runtime instance isolation integration tests","Multiple Runtime instances have separate registries"],"fullName":"Runtime instance isolation integration tests Multiple Runtime instances have separate registries should maintain separate plugin registries across instances","status":"passed","title":"should maintain separate plugin registries across instances","duration":10.143899999999121,"failureMessages":[],"meta":{}},{"ancestorTitles":["Runtime instance isolation integration tests","Multiple Runtime instances have separate registries"],"fullName":"Runtime instance isolation integration tests Multiple Runtime instances have separate registries should maintain separate screen registries across instances","status":"passed","title":"should maintain separate screen registries across instances","duration":2.68840000000273,"failureMessages":[],"meta":{}},{"ancestorTitles":["Runtime instance isolation integration tests","Multiple Runtime instances have separate registries"],"fullName":"Runtime instance isolation integration tests Multiple Runtime instances have separate registries should maintain separate action registries across instances","status":"passed","title":"should maintain separate action registries across instances","duration":4.3593999999975495,"failureMessages":[],"meta":{}},{"ancestorTitles":["Runtime instance isolation integration tests","Multiple Runtime instances have separate registries"],"fullName":"Runtime instance isolation integration tests Multiple Runtime instances have separate registries should maintain separate event bus across instances","status":"passed","title":"should maintain separate event bus across instances","duration":0.8517999999967287,"failureMessages":[],"meta":{}},{"ancestorTitles":["Runtime instance isolation integration tests","Multiple Runtime instances have separate registries"],"fullName":"Runtime instance isolation integration tests Multiple Runtime instances have separate registries should maintain separate UI provider across instances","status":"passed","title":"should maintain separate UI provider across instances","duration":0.9417000000030384,"failureMessages":[],"meta":{}},{"ancestorTitles":["Runtime instance isolation integration tests","Plugin registration in one instance does not affect another"],"fullName":"Runtime instance isolation integration tests Plugin registration in one instance does not affect another should not share plugin registrations between instances","status":"passed","title":"should not share plugin registrations between instances","duration":1.2240999999994528,"failureMessages":[],"meta":{}},{"ancestorTitles":["Runtime instance isolation integration tests","Plugin registration in one instance does not affect another"],"fullName":"Runtime instance isolation integration tests Plugin registration in one instance does not affect another should allow same plugin to be registered in multiple instances","status":"passed","title":"should allow same plugin to be registered in multiple instances","duration":1.1368000000002212,"failureMessages":[],"meta":{}},{"ancestorTitles":["Runtime instance isolation integration tests","Plugin registration in one instance does not affect another"],"fullName":"Runtime instance isolation integration tests Plugin registration in one instance does not affect another should execute plugin setup independently in each instance","status":"passed","title":"should execute plugin setup independently in each instance","duration":5.155099999999948,"failureMessages":[],"meta":{}},{"ancestorTitles":["Runtime instance isolation integration tests","Screen registration in one instance does not affect another"],"fullName":"Runtime instance isolation integration tests Screen registration in one instance does not affect another should not share screen registrations between instances","status":"passed","title":"should not share screen registrations between instances","duration":1.3052999999999884,"failureMessages":[],"meta":{}},{"ancestorTitles":["Runtime instance isolation integration tests","Screen registration in one instance does not affect another"],"fullName":"Runtime instance isolation integration tests Screen registration in one instance does not affect another should allow duplicate screen IDs across different instances","status":"passed","title":"should allow duplicate screen IDs across different instances","duration":1.07129999999961,"failureMessages":[],"meta":{}},{"ancestorTitles":["Runtime instance isolation integration tests","Screen registration in one instance does not affect another"],"fullName":"Runtime instance isolation integration tests Screen registration in one instance does not affect another should maintain separate screen counts across instances","status":"passed","title":"should maintain separate screen counts across instances","duration":0.9053999999996449,"failureMessages":[],"meta":{}},{"ancestorTitles":["Runtime instance isolation integration tests","Action registration in one instance does not affect another"],"fullName":"Runtime instance isolation integration tests Action registration in one instance does not affect another should not share action registrations between instances","status":"passed","title":"should not share action registrations between instances","duration":0.9589999999989232,"failureMessages":[],"meta":{}},{"ancestorTitles":["Runtime instance isolation integration tests","Action registration in one instance does not affect another"],"fullName":"Runtime instance isolation integration tests Action registration in one instance does not affect another should allow duplicate action IDs across different instances","status":"passed","title":"should allow duplicate action IDs across different instances","duration":0.9304999999985739,"failureMessages":[],"meta":{}},{"ancestorTitles":["Runtime instance isolation integration tests","Action registration in one instance does not affect another"],"fullName":"Runtime instance isolation integration tests Action registration in one instance does not affect another should pass correct RuntimeContext to actions in each instance","status":"passed","title":"should pass correct RuntimeContext to actions in each instance","duration":3.37329999999929,"failureMessages":[],"meta":{}},{"ancestorTitles":["Runtime instance isolation integration tests","Event emission in one instance does not affect another"],"fullName":"Runtime instance isolation integration tests Event emission in one instance does not affect another should not share event handlers between instances","status":"passed","title":"should not share event handlers between instances","duration":0.7933999999986554,"failureMessages":[],"meta":{}},{"ancestorTitles":["Runtime instance isolation integration tests","Event emission in one instance does not affect another"],"fullName":"Runtime instance isolation integration tests Event emission in one instance does not affect another should maintain separate event subscriptions across instances","status":"passed","title":"should maintain separate event subscriptions across instances","duration":0.8238999999994121,"failureMessages":[],"meta":{}},{"ancestorTitles":["Runtime instance isolation integration tests","Event emission in one instance does not affect another"],"fullName":"Runtime instance isolation integration tests Event emission in one instance does not affect another should allow unsubscribe in one instance without affecting another","status":"passed","title":"should allow unsubscribe in one instance without affecting another","duration":0.5390000000006694,"failureMessages":[],"meta":{}},{"ancestorTitles":["Runtime instance isolation integration tests","Complex cross-instance scenarios"],"fullName":"Runtime instance isolation integration tests Complex cross-instance scenarios should maintain isolation when plugins register resources","status":"passed","title":"should maintain isolation when plugins register resources","duration":4.38640000000305,"failureMessages":[],"meta":{}},{"ancestorTitles":["Runtime instance isolation integration tests","Complex cross-instance scenarios"],"fullName":"Runtime instance isolation integration tests Complex cross-instance scenarios should maintain isolation after shutdown of one instance","status":"passed","title":"should maintain isolation after shutdown of one instance","duration":1.9470000000001164,"failureMessages":[],"meta":{}},{"ancestorTitles":["Runtime instance isolation integration tests","Complex cross-instance scenarios"],"fullName":"Runtime instance isolation integration tests Complex cross-instance scenarios should allow creating many runtime instances","status":"passed","title":"should allow creating many runtime instances","duration":2.6074999999982538,"failureMessages":[],"meta":{}},{"ancestorTitles":["Runtime instance isolation integration tests","Complex cross-instance scenarios"],"fullName":"Runtime instance isolation integration tests Complex cross-instance scenarios should not share global state between instances","status":"passed","title":"should not share global state between instances","duration":1.7723000000005413,"failureMessages":[],"meta":{}}],"startTime":1767729088164,"endTime":1767729088213.7722,"status":"passed","message":"","name":"D:/code/skeleton-crew/tests/integration/instance-isolation.test.ts"},{"assertionResults":[{"ancestorTitles":["Introspection with real data integration tests","Action introspection with real data"],"fullName":"Introspection with real data integration tests Action introspection with real data should return accurate metadata for registered actions (Requirement 3.1)","status":"passed","title":"should return accurate metadata for registered actions (Requirement 3.1)","duration":14.724900000001071,"failureMessages":[],"meta":{}},{"ancestorTitles":["Introspection with real data integration tests","Action introspection with real data"],"fullName":"Introspection with real data integration tests Action introspection with real data should not expose handler functions in action metadata","status":"passed","title":"should not expose handler functions in action metadata","duration":2.8002999999989697,"failureMessages":[],"meta":{}},{"ancestorTitles":["Introspection with real data integration tests","Action introspection with real data"],"fullName":"Introspection with real data integration tests Action introspection with real data should return frozen action metadata","status":"passed","title":"should return frozen action metadata","duration":3.0695999999989,"failureMessages":[],"meta":{}},{"ancestorTitles":["Introspection with real data integration tests","Action introspection with real data"],"fullName":"Introspection with real data integration tests Action introspection with real data should return null for non-existent action","status":"passed","title":"should return null for non-existent action","duration":0.7080999999998312,"failureMessages":[],"meta":{}},{"ancestorTitles":["Introspection with real data integration tests","Plugin introspection with real data"],"fullName":"Introspection with real data integration tests Plugin introspection with real data should return accurate metadata for registered plugins (Requirement 4.1)","status":"passed","title":"should return accurate metadata for registered plugins (Requirement 4.1)","duration":6.238600000000588,"failureMessages":[],"meta":{}},{"ancestorTitles":["Introspection with real data integration tests","Plugin introspection with real data"],"fullName":"Introspection with real data integration tests Plugin introspection with real data should not expose setup/dispose functions in plugin metadata","status":"passed","title":"should not expose setup/dispose functions in plugin metadata","duration":6.412099999997736,"failureMessages":[],"meta":{}},{"ancestorTitles":["Introspection with real data integration tests","Plugin introspection with real data"],"fullName":"Introspection with real data integration tests Plugin introspection with real data should return frozen plugin metadata","status":"passed","title":"should return frozen plugin metadata","duration":2.866699999998673,"failureMessages":[],"meta":{}},{"ancestorTitles":["Introspection with real data integration tests","Plugin introspection with real data"],"fullName":"Introspection with real data integration tests Plugin introspection with real data should return null for non-existent plugin","status":"passed","title":"should return null for non-existent plugin","duration":0.6539000000011583,"failureMessages":[],"meta":{}},{"ancestorTitles":["Introspection with real data integration tests","Screen introspection with real data"],"fullName":"Introspection with real data integration tests Screen introspection with real data should return accurate metadata for registered screens (Requirement 5.1)","status":"passed","title":"should return accurate metadata for registered screens (Requirement 5.1)","duration":6.095600000000559,"failureMessages":[],"meta":{}},{"ancestorTitles":["Introspection with real data integration tests","Screen introspection with real data"],"fullName":"Introspection with real data integration tests Screen introspection with real data should include all screen properties in metadata","status":"passed","title":"should include all screen properties in metadata","duration":1.8613000000004831,"failureMessages":[],"meta":{}},{"ancestorTitles":["Introspection with real data integration tests","Screen introspection with real data"],"fullName":"Introspection with real data integration tests Screen introspection with real data should return frozen screen metadata","status":"passed","title":"should return frozen screen metadata","duration":1.4966000000022177,"failureMessages":[],"meta":{}},{"ancestorTitles":["Introspection with real data integration tests","Screen introspection with real data"],"fullName":"Introspection with real data integration tests Screen introspection with real data should return null for non-existent screen","status":"passed","title":"should return null for non-existent screen","duration":0.49149999999644933,"failureMessages":[],"meta":{}},{"ancestorTitles":["Introspection with real data integration tests","Runtime metadata with real data"],"fullName":"Introspection with real data integration tests Runtime metadata with real data should return accurate runtime statistics (Requirement 6.1)","status":"passed","title":"should return accurate runtime statistics (Requirement 6.1)","duration":2.066900000001624,"failureMessages":[],"meta":{}},{"ancestorTitles":["Introspection with real data integration tests","Runtime metadata with real data"],"fullName":"Introspection with real data integration tests Runtime metadata with real data should count plugins correctly","status":"passed","title":"should count plugins correctly","duration":1.7268999999978405,"failureMessages":[],"meta":{}},{"ancestorTitles":["Introspection with real data integration tests","Runtime metadata with real data"],"fullName":"Introspection with real data integration tests Runtime metadata with real data should return frozen runtime metadata","status":"passed","title":"should return frozen runtime metadata","duration":1.5334000000002561,"failureMessages":[],"meta":{}},{"ancestorTitles":["Introspection with real data integration tests","Comprehensive introspection scenario"],"fullName":"Introspection with real data integration tests Comprehensive introspection scenario should provide accurate introspection for complex runtime state","status":"passed","title":"should provide accurate introspection for complex runtime state","duration":12.302999999999884,"failureMessages":[],"meta":{}},{"ancestorTitles":["Introspection with real data integration tests","Comprehensive introspection scenario"],"fullName":"Introspection with real data integration tests Comprehensive introspection scenario should handle dynamic resource registration","status":"passed","title":"should handle dynamic resource registration","duration":1.8450000000011642,"failureMessages":[],"meta":{}},{"ancestorTitles":["Introspection with real data integration tests","Comprehensive introspection scenario"],"fullName":"Introspection with real data integration tests Comprehensive introspection scenario should maintain metadata immutability across multiple queries","status":"passed","title":"should maintain metadata immutability across multiple queries","duration":1.0200999999979103,"failureMessages":[],"meta":{}},{"ancestorTitles":["Introspection with real data integration tests","Introspection metadata consistency"],"fullName":"Introspection with real data integration tests Introspection metadata consistency should return consistent metadata across multiple queries","status":"passed","title":"should return consistent metadata across multiple queries","duration":1.2354000000013912,"failureMessages":[],"meta":{}},{"ancestorTitles":["Introspection with real data integration tests","Introspection metadata consistency"],"fullName":"Introspection with real data integration tests Introspection metadata consistency should prevent any mutation attempts on metadata","status":"passed","title":"should prevent any mutation attempts on metadata","duration":1.505300000000716,"failureMessages":[],"meta":{}}],"startTime":1767729087427,"endTime":1767729087500.5054,"status":"passed","message":"","name":"D:/code/skeleton-crew/tests/integration/introspection-real-data.test.ts"},{"assertionResults":[{"ancestorTitles":["Lifecycle events integration tests","runtime:initialized event"],"fullName":"Lifecycle events integration tests runtime:initialized event should emit runtime:initialized event after successful initialization (Requirement 17.1)","status":"passed","title":"should emit runtime:initialized event after successful initialization (Requirement 17.1)","duration":11.638199999999415,"failureMessages":[],"meta":{}},{"ancestorTitles":["Lifecycle events integration tests","runtime:initialized event"],"fullName":"Lifecycle events integration tests runtime:initialized event should include RuntimeContext in runtime:initialized event (Requirement 17.3)","status":"passed","title":"should include RuntimeContext in runtime:initialized event (Requirement 17.3)","duration":1.5398999999997613,"failureMessages":[],"meta":{}},{"ancestorTitles":["Lifecycle events integration tests","runtime:initialized event"],"fullName":"Lifecycle events integration tests runtime:initialized event should emit runtime:initialized only after initialization completes (Requirement 17.1)","status":"passed","title":"should emit runtime:initialized only after initialization completes (Requirement 17.1)","duration":2.2546000000002095,"failureMessages":[],"meta":{}},{"ancestorTitles":["Lifecycle events integration tests","runtime:initialized event"],"fullName":"Lifecycle events integration tests runtime:initialized event should not emit runtime:initialized if initialization fails","status":"passed","title":"should not emit runtime:initialized if initialization fails","duration":4.026499999999942,"failureMessages":[],"meta":{}},{"ancestorTitles":["Lifecycle events integration tests","runtime:initialized event"],"fullName":"Lifecycle events integration tests runtime:initialized event should allow multiple plugins to subscribe to runtime:initialized","status":"passed","title":"should allow multiple plugins to subscribe to runtime:initialized","duration":1.4490000000005239,"failureMessages":[],"meta":{}},{"ancestorTitles":["Lifecycle events integration tests","runtime:shutdown event"],"fullName":"Lifecycle events integration tests runtime:shutdown event should emit runtime:shutdown event during shutdown (Requirement 17.4)","status":"passed","title":"should emit runtime:shutdown event during shutdown (Requirement 17.4)","duration":1.691499999998996,"failureMessages":[],"meta":{}},{"ancestorTitles":["Lifecycle events integration tests","runtime:shutdown event"],"fullName":"Lifecycle events integration tests runtime:shutdown event should include RuntimeContext in runtime:shutdown event (Requirement 17.5)","status":"passed","title":"should include RuntimeContext in runtime:shutdown event (Requirement 17.5)","duration":1.180000000000291,"failureMessages":[],"meta":{}},{"ancestorTitles":["Lifecycle events integration tests","runtime:shutdown event"],"fullName":"Lifecycle events integration tests runtime:shutdown event should emit runtime:shutdown at start of shutdown (Requirement 17.4)","status":"passed","title":"should emit runtime:shutdown at start of shutdown (Requirement 17.4)","duration":4.118700000000899,"failureMessages":[],"meta":{}},{"ancestorTitles":["Lifecycle events integration tests","runtime:shutdown event"],"fullName":"Lifecycle events integration tests runtime:shutdown event should allow multiple plugins to subscribe to runtime:shutdown","status":"passed","title":"should allow multiple plugins to subscribe to runtime:shutdown","duration":1.7340000000003783,"failureMessages":[],"meta":{}},{"ancestorTitles":["Lifecycle events integration tests","runtime:shutdown event"],"fullName":"Lifecycle events integration tests runtime:shutdown event should emit runtime:shutdown even if no plugins are registered","status":"passed","title":"should emit runtime:shutdown even if no plugins are registered","duration":0.7348999999994703,"failureMessages":[],"meta":{}},{"ancestorTitles":["Lifecycle events integration tests","Plugins subscribing to lifecycle events"],"fullName":"Lifecycle events integration tests Plugins subscribing to lifecycle events should allow plugins to react to runtime:initialized (Requirement 17.1, 17.2, 17.3)","status":"passed","title":"should allow plugins to react to runtime:initialized (Requirement 17.1, 17.2, 17.3)","duration":2.0144000000000233,"failureMessages":[],"meta":{}},{"ancestorTitles":["Lifecycle events integration tests","Plugins subscribing to lifecycle events"],"fullName":"Lifecycle events integration tests Plugins subscribing to lifecycle events should allow plugins to react to runtime:shutdown (Requirement 17.4, 17.5)","status":"passed","title":"should allow plugins to react to runtime:shutdown (Requirement 17.4, 17.5)","duration":1.6697000000003754,"failureMessages":[],"meta":{}},{"ancestorTitles":["Lifecycle events integration tests","Plugins subscribing to lifecycle events"],"fullName":"Lifecycle events integration tests Plugins subscribing to lifecycle events should allow plugins to coordinate using lifecycle events","status":"passed","title":"should allow plugins to coordinate using lifecycle events","duration":3.1671000000005733,"failureMessages":[],"meta":{}},{"ancestorTitles":["Lifecycle events integration tests","Plugins subscribing to lifecycle events"],"fullName":"Lifecycle events integration tests Plugins subscribing to lifecycle events should allow plugins to access RuntimeContext from lifecycle events","status":"passed","title":"should allow plugins to access RuntimeContext from lifecycle events","duration":1.9478000000017346,"failureMessages":[],"meta":{}},{"ancestorTitles":["Lifecycle events integration tests","Plugins subscribing to lifecycle events"],"fullName":"Lifecycle events integration tests Plugins subscribing to lifecycle events should emit lifecycle events through EventBus (Requirement 17.1, 17.4)","status":"passed","title":"should emit lifecycle events through EventBus (Requirement 17.1, 17.4)","duration":1.0107000000007247,"failureMessages":[],"meta":{}},{"ancestorTitles":["Lifecycle events integration tests","Plugins subscribing to lifecycle events"],"fullName":"Lifecycle events integration tests Plugins subscribing to lifecycle events should handle errors in lifecycle event handlers gracefully","status":"passed","title":"should handle errors in lifecycle event handlers gracefully","duration":19.46810000000005,"failureMessages":[],"meta":{}},{"ancestorTitles":["Lifecycle events integration tests","Lifecycle event timing"],"fullName":"Lifecycle events integration tests Lifecycle event timing should emit runtime:initialized after all plugin setups complete","status":"passed","title":"should emit runtime:initialized after all plugin setups complete","duration":1.346799999999348,"failureMessages":[],"meta":{}},{"ancestorTitles":["Lifecycle events integration tests","Lifecycle event timing"],"fullName":"Lifecycle events integration tests Lifecycle event timing should emit runtime:shutdown before plugin disposal","status":"passed","title":"should emit runtime:shutdown before plugin disposal","duration":2.3923999999988155,"failureMessages":[],"meta":{}},{"ancestorTitles":["Lifecycle events integration tests","Lifecycle event timing"],"fullName":"Lifecycle events integration tests Lifecycle event timing should allow async operations in lifecycle event handlers","status":"passed","title":"should allow async operations in lifecycle event handlers","duration":56.64210000000094,"failureMessages":[],"meta":{}},{"ancestorTitles":["Lifecycle events integration tests","Multiple runtime instances"],"fullName":"Lifecycle events integration tests Multiple runtime instances should emit lifecycle events independently for each runtime instance","status":"passed","title":"should emit lifecycle events independently for each runtime instance","duration":3.3438999999998487,"failureMessages":[],"meta":{}}],"startTime":1767729082794,"endTime":1767729082921.344,"status":"passed","message":"","name":"D:/code/skeleton-crew/tests/integration/lifecycle-events.test.ts"},{"assertionResults":[{"ancestorTitles":["Memory Leak Tests","Init/Shutdown Cycles (Requirement 12.1)"],"fullName":"Memory Leak Tests Init/Shutdown Cycles (Requirement 12.1) should not leak memory over multiple init/shutdown cycles","status":"passed","title":"should not leak memory over multiple init/shutdown cycles","duration":38.077299999997194,"failureMessages":[],"meta":{}},{"ancestorTitles":["Memory Leak Tests","Init/Shutdown Cycles (Requirement 12.1)"],"fullName":"Memory Leak Tests Init/Shutdown Cycles (Requirement 12.1) should not leak memory with hostContext over multiple cycles","status":"passed","title":"should not leak memory with hostContext over multiple cycles","duration":6.216400000001158,"failureMessages":[],"meta":{}},{"ancestorTitles":["Memory Leak Tests","Introspection Memory Usage (Requirement 12.2, 12.3)"],"fullName":"Memory Leak Tests Introspection Memory Usage (Requirement 12.2, 12.3) should not duplicate large objects in introspection results","status":"passed","title":"should not duplicate large objects in introspection results","duration":3.3312999999980093,"failureMessages":[],"meta":{}},{"ancestorTitles":["Memory Leak Tests","Introspection Memory Usage (Requirement 12.2, 12.3)"],"fullName":"Memory Leak Tests Introspection Memory Usage (Requirement 12.2, 12.3) should have minimal freeze overhead","status":"passed","title":"should have minimal freeze overhead","duration":3.9337000000014086,"failureMessages":[],"meta":{}}],"startTime":1767729086860,"endTime":1767729086912.9336,"status":"passed","message":"","name":"D:/code/skeleton-crew/tests/integration/memory-leak.test.ts"},{"assertionResults":[{"ancestorTitles":["Migration complete workflow integration test","Complete workflow: Host context + Plugins + Introspection"],"fullName":"Migration complete workflow integration test Complete workflow: Host context + Plugins + Introspection should support full migration workflow with host services and introspection (Requirements 1.1, 1.2, 1.3, 3.1, 4.1, 5.1, 6.1)","status":"passed","title":"should support full migration workflow with host services and introspection (Requirements 1.1, 1.2, 1.3, 3.1, 4.1, 5.1, 6.1)","duration":32.29600000000028,"failureMessages":[],"meta":{}},{"ancestorTitles":["Migration complete workflow integration test","Complete workflow: Host context + Plugins + Introspection"],"fullName":"Migrat
[...]
ureMessages":[],"meta":{}},{"ancestorTitles":["Runtime lifecycle events","runtime:shutdown event"],"fullName":"Runtime lifecycle events runtime:shutdown event should not emit runtime:shutdown event if runtime not initialized","status":"passed","title":"should not emit runtime:shutdown event if runtime not initialized","duration":0.541800000000876,"failureMessages":[],"meta":{}},{"ancestorTitles":["Runtime lifecycle events","runtime:shutdown event"],"fullName":"Runtime lifecycle events runtime:shutdown event should emit runtime:shutdown event before plugin disposal","status":"passed","title":"should emit runtime:shutdown event before plugin disposal","duration":1.2024000000001251,"failureMessages":[],"meta":{}},{"ancestorTitles":["Runtime state tracking","isInitialized method"],"fullName":"Runtime state tracking isInitialized method should return false before initialization","status":"passed","title":"should return false before initialization","duration":0.6386999999995169,"failureMessages":[],"meta":{}},{"ancestorTitles":["Runtime state tracking","isInitialized method"],"fullName":"Runtime state tracking isInitialized method should return true after successful initialization","status":"passed","title":"should return true after successful initialization","duration":0.35570000000006985,"failureMessages":[],"meta":{}},{"ancestorTitles":["Runtime state tracking","isInitialized method"],"fullName":"Runtime state tracking isInitialized method should return false after shutdown","status":"passed","title":"should return false after shutdown","duration":0.46349999999983993,"failureMessages":[],"meta":{}},{"ancestorTitles":["Runtime state tracking","isInitialized method"],"fullName":"Runtime state tracking isInitialized method should return false after initialization failure","status":"passed","title":"should return false after initialization failure","duration":2.896099999999933,"failureMessages":[],"meta":{}},{"ancestorTitles":["Runtime state tracking","getState method"],"fullName":"Runtime state tracking getState method should return Uninitialized before initialization","status":"passed","title":"should return Uninitialized before initialization","duration":0.35210000000006403,"failureMessages":[],"meta":{}},{"ancestorTitles":["Runtime state tracking","getState method"],"fullName":"Runtime state tracking getState method should return Initialized after successful initialization","status":"passed","title":"should return Initialized after successful initialization","duration":0.2988000000004831,"failureMessages":[],"meta":{}},{"ancestorTitles":["Runtime state tracking","getState method"],"fullName":"Runtime state tracking getState method should return Shutdown after shutdown","status":"passed","title":"should return Shutdown after shutdown","duration":0.5749000000014348,"failureMessages":[],"meta":{}},{"ancestorTitles":["Runtime state tracking","getState method"],"fullName":"Runtime state tracking getState method should return Uninitialized after initialization failure","status":"passed","title":"should return Uninitialized after initialization failure","duration":0.8532999999988533,"failureMessages":[],"meta":{}},{"ancestorTitles":["Runtime state tracking","State transitions during initialize"],"fullName":"Runtime state tracking State transitions during initialize should transition from Uninitialized to Initializing to Initialized","status":"passed","title":"should transition from Uninitialized to Initializing to Initialized","duration":0.6539000000011583,"failureMessages":[],"meta":{}},{"ancestorTitles":["Runtime state tracking","State transitions during initialize"],"fullName":"Runtime state tracking State transitions during initialize should maintain Initialized state after successful initialization","status":"passed","title":"should maintain Initialized state after successful initialization","duration":0.5114000000012311,"failureMessages":[],"meta":{}},{"ancestorTitles":["Runtime state tracking","State transitions during initialize"],"fullName":"Runtime state tracking State transitions during initialize should allow checking state during plugin setup","status":"passed","title":"should allow checking state during plugin setup","duration":0.6165999999993801,"failureMessages":[],"meta":{}},{"ancestorTitles":["Runtime state tracking","State transitions during shutdown"],"fullName":"Runtime state tracking State transitions during shutdown should transition from Initialized to ShuttingDown to Shutdown","status":"passed","title":"should transition from Initialized to ShuttingDown to Shutdown","duration":1.0311999999994441,"failureMessages":[],"meta":{}},{"ancestorTitles":["Runtime state tracking","State transitions during shutdown"],"fullName":"Runtime state tracking State transitions during shutdown should maintain Shutdown state after shutdown completes","status":"passed","title":"should maintain Shutdown state after shutdown completes","duration":1.4074000000000524,"failureMessages":[],"meta":{}},{"ancestorTitles":["Runtime state tracking","State transitions during shutdown"],"fullName":"Runtime state tracking State transitions during shutdown should remain in Shutdown state after multiple shutdown calls","status":"passed","title":"should remain in Shutdown state after multiple shutdown calls","duration":0.6564999999991414,"failureMessages":[],"meta":{}},{"ancestorTitles":["Runtime state tracking","State reset on initialization failure"],"fullName":"Runtime state tracking State reset on initialization failure should reset state to Uninitialized when initialization fails","status":"passed","title":"should reset state to Uninitialized when initialization fails","duration":1.7727000000013504,"failureMessages":[],"meta":{}},{"ancestorTitles":["Runtime state tracking","State reset on initialization failure"],"fullName":"Runtime state tracking State reset on initialization failure should reset state to Uninitialized even if state was Initializing","status":"passed","title":"should reset state to Uninitialized even if state was Initializing","duration":1.681800000000294,"failureMessages":[],"meta":{}},{"ancestorTitles":["Runtime state tracking","State reset on initialization failure"],"fullName":"Runtime state tracking State reset on initialization failure should allow re-initialization after failure","status":"passed","title":"should allow re-initialization after failure","duration":1.5447999999996682,"failureMessages":[],"meta":{}},{"ancestorTitles":["Runtime state tracking","State reset on initialization failure"],"fullName":"Runtime state tracking State reset on initialization failure should reset isInitialized to false on initialization failure","status":"passed","title":"should reset isInitialized to false on initialization failure","duration":2.798899999999776,"failureMessages":[],"meta":{}},{"ancestorTitles":["Runtime state tracking","State consistency with isInitialized"],"fullName":"Runtime state tracking State consistency with isInitialized should have isInitialized return true only when state is Initialized","status":"passed","title":"should have isInitialized return true only when state is Initialized","duration":1.6393000000007305,"failureMessages":[],"meta":{}},{"ancestorTitles":["Runtime state tracking","State consistency with isInitialized"],"fullName":"Runtime state tracking State consistency with isInitialized should have isInitialized return false for all non-Initialized states","status":"passed","title":"should have isInitialized return false for all non-Initialized states","duration":1.8806000000004133,"failureMessages":[],"meta":{}}],"startTime":1767729082425,"endTime":1767729082640.8806,"status":"passed","message":"","name":"D:/code/skeleton-crew/tests/unit/runtime.test.ts"},{"assertionResults":[{"ancestorTitles":["ScreenRegistry","registerScreen"],"fullName":"ScreenRegistry registerScreen should register a valid screen definition","status":"passed","title":"should register a valid screen definition","duration":7.363300000000891,"failureMessages":[],"meta":{}},{"ancestorTitles":["ScreenRegistry","registerScreen"],"fullName":"ScreenRegistry registerScreen should reject duplicate screen IDs with DuplicateRegistrationError","status":"passed","title":"should reject duplicate screen IDs with DuplicateRegistrationError","duration":3.69800000000032,"failureMessages":[],"meta":{}},{"ancestorTitles":["ScreenRegistry","registerScreen"],"fullName":"ScreenRegistry registerScreen should validate required id field with ValidationError","status":"passed","title":"should validate required id field with ValidationError","duration":1.8038000000015018,"failureMessages":[],"meta":{}},{"ancestorTitles":["ScreenRegistry","registerScreen"],"fullName":"ScreenRegistry registerScreen should validate required title field with ValidationError","status":"passed","title":"should validate required title field with ValidationError","duration":0.7134000000005472,"failureMessages":[],"meta":{}},{"ancestorTitles":["ScreenRegistry","registerScreen"],"fullName":"ScreenRegistry registerScreen should validate required component field with ValidationError","status":"passed","title":"should validate required component field with ValidationError","duration":0.8440999999984342,"failureMessages":[],"meta":{}},{"ancestorTitles":["ScreenRegistry","registerScreen"],"fullName":"ScreenRegistry registerScreen should reject screen with empty id","status":"passed","title":"should reject screen with empty id","duration":1.0011000000013155,"failureMessages":[],"meta":{}},{"ancestorTitles":["ScreenRegistry","registerScreen"],"fullName":"ScreenRegistry registerScreen should reject screen with non-string id","status":"passed","title":"should reject screen with non-string id","duration":0.9504000000015367,"failureMessages":[],"meta":{}},{"ancestorTitles":["ScreenRegistry","registerScreen"],"fullName":"ScreenRegistry registerScreen should return an unregister function","status":"passed","title":"should return an unregister function","duration":1.0419000000001688,"failureMessages":[],"meta":{}},{"ancestorTitles":["ScreenRegistry","registerScreen"],"fullName":"ScreenRegistry registerScreen should make unregister function idempotent","status":"passed","title":"should make unregister function idempotent","duration":1.425600000002305,"failureMessages":[],"meta":{}},{"ancestorTitles":["ScreenRegistry","getScreen"],"fullName":"ScreenRegistry getScreen should return screen definition for existing ID","status":"passed","title":"should return screen definition for existing ID","duration":0.8073000000003958,"failureMessages":[],"meta":{}},{"ancestorTitles":["ScreenRegistry","getScreen"],"fullName":"ScreenRegistry getScreen should return null for non-existing ID","status":"passed","title":"should return null for non-existing ID","duration":0.3984000000018568,"failureMessages":[],"meta":{}},{"ancestorTitles":["ScreenRegistry","getScreen"],"fullName":"ScreenRegistry getScreen should return null after screen is cleared","status":"passed","title":"should return null after screen is cleared","duration":0.720500000003085,"failureMessages":[],"meta":{}},{"ancestorTitles":["ScreenRegistry","getAllScreens"],"fullName":"ScreenRegistry getAllScreens should return all registered screens","status":"passed","title":"should return all registered screens","duration":5.144500000002154,"failureMessages":[],"meta":{}},{"ancestorTitles":["ScreenRegistry","getAllScreens"],"fullName":"ScreenRegistry getAllScreens should return empty array when no screens are registered","status":"passed","title":"should return empty array when no screens are registered","duration":1.0044999999990978,"failureMessages":[],"meta":{}},{"ancestorTitles":["ScreenRegistry","getAllScreens"],"fullName":"ScreenRegistry getAllScreens should return empty array after clear","status":"passed","title":"should return empty array after clear","duration":1.0570999999981723,"failureMessages":[],"meta":{}},{"ancestorTitles":["ScreenRegistry","getAllScreens"],"fullName":"ScreenRegistry getAllScreens should return a copy that does not affect internal state when modified","status":"passed","title":"should return a copy that does not affect internal state when modified","duration":4.0693000000028405,"failureMessages":[],"meta":{}},{"ancestorTitles":["ScreenRegistry","clear"],"fullName":"ScreenRegistry clear should remove all registered screens","status":"passed","title":"should remove all registered screens","duration":0.9984000000004016,"failureMessages":[],"meta":{}},{"ancestorTitles":["ScreenRegistry","clear"],"fullName":"ScreenRegistry clear should allow registering screens after clear","status":"passed","title":"should allow registering screens after clear","duration":0.930899999999383,"failureMessages":[],"meta":{}},{"ancestorTitles":["ScreenRegistry","instance isolation"],"fullName":"ScreenRegistry instance isolation should maintain separate registries for different ScreenRegistry instances","status":"passed","title":"should maintain separate registries for different ScreenRegistry instances","duration":0.8518999999978405,"failureMessages":[],"meta":{}}],"startTime":1767729090329,"endTime":1767729090365.8518,"status":"passed","message":"","name":"D:/code/skeleton-crew/tests/unit/screen-registry.test.ts"},{"assertionResults":[{"ancestorTitles":["UIBridge","setProvider"],"fullName":"UIBridge setProvider should register a valid UI provider","status":"passed","title":"should register a valid UI provider","duration":5.231899999998859,"failureMessages":[],"meta":{}},{"ancestorTitles":["UIBridge","setProvider"],"fullName":"UIBridge setProvider should reject duplicate provider registration with DuplicateRegistrationError","status":"passed","title":"should reject duplicate provider registration with DuplicateRegistrationError","duration":1.1640999999981432,"failureMessages":[],"meta":{}},{"ancestorTitles":["UIBridge","setProvider"],"fullName":"UIBridge setProvider should validate provider has mount method with ValidationError","status":"passed","title":"should validate provider has mount method with ValidationError","duration":1.017199999998411,"failureMessages":[],"meta":{}},{"ancestorTitles":["UIBridge","setProvider"],"fullName":"UIBridge setProvider should validate provider has renderScreen method with ValidationError","status":"passed","title":"should validate provider has renderScreen method with ValidationError","duration":0.669899999997142,"failureMessages":[],"meta":{}},{"ancestorTitles":["UIBridge","setProvider"],"fullName":"UIBridge setProvider should validate mount is a function","status":"passed","title":"should validate mount is a function","duration":3.04399999999805,"failureMessages":[],"meta":{}},{"ancestorTitles":["UIBridge","setProvider"],"fullName":"UIBridge setProvider should validate renderScreen is a function","status":"passed","title":"should validate renderScreen is a function","duration":0.979300000002695,"failureMessages":[],"meta":{}},{"ancestorTitles":["UIBridge","getProvider"],"fullName":"UIBridge getProvider should return null when no provider is registered","status":"passed","title":"should return null when no provider is registered","duration":0.8701999999975669,"failureMessages":[],"meta":{}},{"ancestorTitles":["UIBridge","getProvider"],"fullName":"UIBridge getProvider should return the registered provider","status":"passed","title":"should return the registered provider","duration":0.5,"failureMessages":[],"meta":{}},{"ancestorTitles":["UIBridge","getProvider"],"fullName":"UIBridge getProvider should return null after clear","status":"passed","title":"should return null after clear","duration":0.5727999999980966,"failureMessages":[],"meta":{}},{"ancestorTitles":["UIBridge","renderScreen"],"fullName":"UIBridge renderScreen should delegate rendering to the provider","status":"passed","title":"should delegate rendering to the provider","duration":0.6022999999986496,"failureMessages":[],"meta":{}},{"ancestorTitles":["UIBridge","renderScreen"],"fullName":"UIBridge renderScreen should throw error when no provider is registered","status":"passed","title":"should throw error when no provider is registered","duration":0.40460000000166474,"failureMessages":[],"meta":{}},{"ancestorTitles":["UIBridge","renderScreen"],"fullName":"UIBridge renderScreen should pass screen definition to provider renderScreen method","status":"passed","title":"should pass screen definition to provider renderScreen method","duration":1.1477999999988242,"failureMessages":[],"meta":{}},{"ancestorTitles":["UIBridge","renderScreen"],"fullName":"UIBridge renderScreen should return the result from provider renderScreen method","status":"passed","title":"should return the result from provider renderScreen method","duration":0.3037999999978638,"failureMessages":[],"meta":{}},{"ancestorTitles":["UIBridge","shutdown"],"fullName":"UIBridge shutdown should call unmount if provider has unmount method","status":"passed","title":"should call unmount if provider has unmount method","duration":2.9922000000005937,"failureMessages":[],"meta":{}},{"ancestorTitles":["UIBridge","shutdown"],"fullName":"UIBridge shutdown should not throw if provider does not have unmount method","status":"passed","title":"should not throw if provider does not have unmount method","duration":1.319999999999709,"failureMessages":[],"meta":{}},{"ancestorTitles":["UIBridge","shutdown"],"fullName":"UIBridge shutdown should handle async unmount","status":"passed","title":"should handle async unmount","duration":0.8271999999997206,"failureMessages":[],"meta":{}},{"ancestorTitles":["UIBridge","shutdown"],"fullName":"UIBridge shutdown should log unmount errors and continue","status":"passed","title":"should log unmount errors and continue","duration":3.600399999999354,"failureMessages":[],"meta":{}},{"ancestorTitles":["UIBridge","shutdown"],"fullName":"UIBridge shutdown should clear provider after shutdown","status":"passed","title":"should clear provider after shutdown","duration":4.243299999998271,"failureMessages":[],"meta":{}},{"ancestorTitles":["UIBridge","shutdown"],"fullName":"UIBridge shutdown should log debug message on successful unmount","status":"passed","title":"should log debug message on successful unmount","duration":1.180899999999383,"failureMessages":[],"meta":{}},{"ancestorTitles":["UIBridge","shutdown"],"fullName":"UIBridge shutdown should not throw if no provider is registered","status":"passed","title":"should not throw if no provider is registered","duration":0.5861000000004424,"failureMessages":[],"meta":{}},{"ancestorTitles":["UIBridge","clear"],"fullName":"UIBridge clear should remove the registered provider","status":"passed","title":"should remove the registered provider","duration":0.28960000000006403,"failureMessages":[],"meta":{}},{"ancestorTitles":["UIBridge","clear"],"fullName":"UIBridge clear should allow registering a new provider after clear","status":"passed","title":"should allow registering a new provider after clear","duration":0.6069999999999709,"failureMessages":[],"meta":{}},{"ancestorTitles":["UIBridge","clear"],"fullName":"UIBridge clear should make renderScreen throw after clear","status":"passed","title":"should make renderScreen throw after clear","duration":0.5825999999979103,"failureMessages":[],"meta":{}},{"ancestorTitles":["UIBridge","instance isolation"],"fullName":"UIBridge instance isolation should maintain separate providers for different UIBridge instances","status":"passed","title":"should maintain separate providers for different UIBridge instances","duration":0.4131000000015774,"failureMessages":[],"meta":{}},{"ancestorTitles":["UIBridge","instance isolation"],"fullName":"UIBridge instance isolation should not affect other instances when clearing","status":"passed","title":"should not affect other instances when clearing","duration":0.34610000000247965,"failureMessages":[],"meta":{}}],"startTime":1767729089945,"endTime":1767729089980.3462,"status":"passed","message":"","name":"D:/code/skeleton-crew/tests/unit/ui-bridge.test.ts"}]}